BandAccelerometerApp Android/build/outputs/logs/manifest-merger-debug-report.txt
-- Merging decision tree log ---
manifest
ADDED from Internship\BandAccelerometerApp\AndroidManifest.xml:2:1-32:12
	package
		ADDED from Internship\BandAccelerometerApp\AndroidManifest.xml:3:5-61
	android:versionName
		ADDED from Internship\BandAccelerometerApp\AndroidManifest.xml:5:5-30
		INJECTED from Internship\BandAccelerometerApp\AndroidManifest.xml
		INJECTED from Internship\BandAccelerometerApp\AndroidManifest.xml
	android:versionCode
		ADDED from Internship\BandAccelerometerApp\AndroidManifest.xml:4:5-28
		INJECTED from Internship\BandAccelerometerApp\AndroidManifest.xml
		INJECTED from Internship\BandAccelerometerApp\AndroidManifest.xml
	xmlns:android
		ADDED from Internship\BandAccelerometerApp\AndroidManifest.xml:2:11-69
uses-sdk
ADDED from Internship\BandAccelerometerApp\AndroidManifest.xml:7:5-9:41
	android:targetSdkVersion
		ADDED from Internship\BandAccelerometerApp\AndroidManifest.xml:9:9-38
	android:minSdkVersion
		ADDED from Internship\BandAccelerometerApp\AndroidManifest.xml:8:9-35
uses-permission#android.permission.BLUETOOTH
ADDED from Internship\BandAccelerometerApp\AndroidManifest.xml:11:5-68
	android:name
		ADDED from Internship\BandAccelerometerApp\AndroidManifest.xml:11:22-65
uses-permission#com.microsoft.band.service.access.BIND_BAND_SERVICE
ADDED from Internship\BandAccelerometerApp\AndroidManifest.xml:12:5-91
	android:name
		ADDED from Internship\BandAccelerometerApp\AndroidManifest.xml:12:22-88
application
ADDED from Internship\BandAccelerometerApp\AndroidManifest.xml:15:5-30:19
	android:label
		ADDED from Internship\BandAccelerometerApp\AndroidManifest.xml:18:9-41
	android:allowBackup
		ADDED from Internship\BandAccelerometerApp\AndroidManifest.xml:16:9-35
	android:icon
		ADDED from Internship\BandAccelerometerApp\AndroidManifest.xml:17:9-45
	android:theme
		ADDED from Internship\BandAccelerometerApp\AndroidManifest.xml:19:9-40
activity#com.microsoft.band.sdk.sampleapp.accelerometer.BandAccelerometerAppActivity
ADDED from Internship\BandAccelerometerApp\AndroidManifest.xml:20:9-29:20
	android:screenOrientation
		ADDED from Internship\BandAccelerometerApp\AndroidManifest.xml:22:13-49
	android:label
		ADDED from Internship\BandAccelerometerApp\AndroidManifest.xml:23:13-45
	android:name
		ADDED from Internship\BandAccelerometerApp\AndroidManifest.xml:21:13-103
intent-filter#android.intent.action.MAIN+android.intent.category.LAUNCHER
ADDED from Internship\BandAccelerometerApp\AndroidManifest.xml:24:13-28:29
action#android.intent.action.MAIN
ADDED from Internship\BandAccelerometerApp\AndroidManifest.xml:25:17-69
	android:name
		ADDED from Internship\BandAccelerometerApp\AndroidManifest.xml:25:25-66
category#android.intent.category.LAUNCHER
ADDED from Internship\BandAccelerometerApp\AndroidManifest.xml:27:17-77
	android:name
		ADDED from Internship\BandAccelerometerApp\AndroidManifest.xml:27:27-74